# JRE version: OpenJDK Runtime Environment (8.0_202-b03) (build 1.8.0_202-release-1483-b03)
# Java VM: OpenJDK 64-Bit Server VM (25.202-b03 mixed mode windows-amd64 compressed oops)
Heap:
 PSYoungGen      total 314368K, used 314346K [0x00000000e0000000, 0x00000000fb080000, 0x0000000100000000)
  eden space 291840K, 100% used [0x00000000e0000000,0x00000000f1d00000,0x00000000f1d00000)
  from space 22528K, 99% used [0x00000000f1d00000,0x00000000f32fa9c0,0x00000000f3300000)
  to   space 27136K, 19% used [0x00000000f9600000,0x00000000f9b24010,0x00000000fb080000)
 ParOldGen       total 69120K, used 43496K [0x00000000a0000000, 0x00000000a4380000, 0x00000000e0000000)
  object space 69120K, 62% used [0x00000000a0000000,0x00000000a2a7a0a8,0x00000000a4380000)
 Metaspace       used 78685K, capacity 82358K, committed 82520K, reserved 1120256K
  class space    used 10131K, capacity 10878K, committed 10880K, reserved 1048576K
GC Heap History (10 events):
Event: 67.088 GC heap after
Heap after GC invocations=10 (full 2):
 PSYoungGen      total 217600K, used 0K [0x00000000e0000000, 0x00000000ee480000, 0x0000000100000000)
  eden space 206336K, 0% used [0x00000000e0000000,0x00000000e0000000,0x00000000ec980000)
  from space 11264K, 0% used [0x00000000ed980000,0x00000000ed980000,0x00000000ee480000)
  to   space 13824K, 0% used [0x00000000ec980000,0x00000000ec980000,0x00000000ed700000)
 ParOldGen       total 46592K, used 17653K [0x00000000a0000000, 0x00000000a2d80000, 0x00000000e0000000)
  object space 46592K, 37% used [0x00000000a0000000,0x00000000a113d4c8,0x00000000a2d80000)
 Metaspace       used 34548K, capacity 35172K, committed 35416K, reserved 1079296K
  class space    used 4741K, capacity 4933K, committed 4992K, reserved 1048576K
}
Event: 88.687 GC heap before
{Heap before GC invocations=11 (full 2):
 PSYoungGen      total 217600K, used 206336K [0x00000000e0000000, 0x00000000ee480000, 0x0000000100000000)
  eden space 206336K, 100% used [0x00000000e0000000,0x00000000ec980000,0x00000000ec980000)
  from space 11264K, 0% used [0x00000000ed980000,0x00000000ed980000,0x00000000ee480000)
  to   space 13824K, 0% used [0x00000000ec980000,0x00000000ec980000,0x00000000ed700000)
 ParOldGen       total 46592K, used 17653K [0x00000000a0000000, 0x00000000a2d80000, 0x00000000e0000000)
  object space 46592K, 37% used [0x00000000a0000000,0x00000000a113d4c8,0x00000000a2d80000)
 Metaspace       used 53527K, capacity 54930K, committed 55256K, reserved 1097728K
  class space    used 7212K, capacity 7578K, committed 7680K, reserved 1048576K
Event: 88.799 GC heap after
Heap after GC invocations=11 (full 2):
 PSYoungGen      total 220160K, used 13823K [0x00000000e0000000, 0x00000000f4880000, 0x0000000100000000)
  eden space 206336K, 0% used [0x00000000e0000000,0x00000000e0000000,0x00000000ec980000)
  from space 13824K, 99% used [0x00000000ec980000,0x00000000ed6fff90,0x00000000ed700000)
  to   space 20480K, 0% used [0x00000000f3480000,0x00000000f3480000,0x00000000f4880000)
 ParOldGen       total 46592K, used 29618K [0x00000000a0000000, 0x00000000a2d80000, 0x00000000e0000000)
  object space 46592K, 63% used [0x00000000a0000000,0x00000000a1cecb40,0x00000000a2d80000)
 Metaspace       used 53527K, capacity 54930K, committed 55256K, reserved 1097728K
  class space    used 7212K, capacity 7578K, committed 7680K, reserved 1048576K
}
Event: 93.923 GC heap before
{Heap before GC invocations=12 (full 2):
 PSYoungGen      total 220160K, used 79509K [0x00000000e0000000, 0x00000000f4880000, 0x0000000100000000)
  eden space 206336K, 31% used [0x00000000e0000000,0x00000000e4025568,0x00000000ec980000)
  from space 13824K, 99% used [0x00000000ec980000,0x00000000ed6fff90,0x00000000ed700000)
  to   space 20480K, 0% used [0x00000000f3480000,0x00000000f3480000,0x00000000f4880000)
 ParOldGen       total 46592K, used 29618K [0x00000000a0000000, 0x00000000a2d80000, 0x00000000e0000000)
  object space 46592K, 63% used [0x00000000a0000000,0x00000000a1cecb40,0x00000000a2d80000)
 Metaspace       used 57388K, capacity 58964K, committed 59028K, reserved 1099776K
  class space    used 7796K, capacity 8185K, committed 8192K, reserved 1048576K
Event: 93.985 GC heap after
Heap after GC invocations=12 (full 2):
 PSYoungGen      total 312320K, used 17169K [0x00000000e0000000, 0x00000000f4900000, 0x0000000100000000)
  eden space 291840K, 0% used [0x00000000e0000000,0x00000000e0000000,0x00000000f1d00000)
  from space 20480K, 83% used [0x00000000f3480000,0x00000000f4544438,0x00000000f4880000)
  to   space 22528K, 0% used [0x00000000f1d00000,0x00000000f1d00000,0x00000000f3300000)
 ParOldGen       total 46592K, used 29626K [0x00000000a0000000, 0x00000000a2d80000, 0x00000000e0000000)
  object space 46592K, 63% used [0x00000000a0000000,0x00000000a1ceeb40,0x00000000a2d80000)
 Metaspace       used 57388K, capacity 58964K, committed 59028K, reserved 1099776K
  class space    used 7796K, capacity 8185K, committed 8192K, reserved 1048576K
}
Event: 93.985 GC heap before
{Heap before GC invocations=13 (full 3):
 PSYoungGen      total 312320K, used 17169K [0x00000000e0000000, 0x00000000f4900000, 0x0000000100000000)
  eden space 291840K, 0% used [0x00000000e0000000,0x00000000e0000000,0x00000000f1d00000)
  from space 20480K, 83% used [0x00000000f3480000,0x00000000f4544438,0x00000000f4880000)
  to   space 22528K, 0% used [0x00000000f1d00000,0x00000000f1d00000,0x00000000f3300000)
 ParOldGen       total 46592K, used 29626K [0x00000000a0000000, 0x00000000a2d80000, 0x00000000e0000000)
  object space 46592K, 63% used [0x00000000a0000000,0x00000000a1ceeb40,0x00000000a2d80000)
 Metaspace       used 57388K, capacity 58964K, committed 59028K, reserved 1099776K
  class space    used 7796K, capacity 8185K, committed 8192K, reserved 1048576K
Event: 94.553 GC heap after
Heap after GC invocations=13 (full 3):
 PSYoungGen      total 312320K, used 0K [0x00000000e0000000, 0x00000000f4900000, 0x0000000100000000)
  eden space 291840K, 0% used [0x00000000e0000000,0x00000000e0000000,0x00000000f1d00000)
  from space 20480K, 0% used [0x00000000f3480000,0x00000000f3480000,0x00000000f4880000)
  to   space 22528K, 0% used [0x00000000f1d00000,0x00000000f1d00000,0x00000000f3300000)
 ParOldGen       total 69120K, used 31050K [0x00000000a0000000, 0x00000000a4380000, 0x00000000e0000000)
  object space 69120K, 44% used [0x00000000a0000000,0x00000000a1e52980,0x00000000a4380000)
 Metaspace       used 57372K, capacity 58910K, committed 59028K, reserved 1099776K
  class space    used 7791K, capacity 8176K, committed 8192K, reserved 1048576K
}
Event: 2961.413 GC heap before
{Heap before GC invocations=14 (full 3):
 PSYoungGen      total 312320K, used 291840K [0x00000000e0000000, 0x00000000f4900000, 0x0000000100000000)
  eden space 291840K, 100% used [0x00000000e0000000,0x00000000f1d00000,0x00000000f1d00000)
  from space 20480K, 0% used [0x00000000f3480000,0x00000000f3480000,0x00000000f4880000)
  to   space 22528K, 0% used [0x00000000f1d00000,0x00000000f1d00000,0x00000000f3300000)
 ParOldGen       total 69120K, used 31050K [0x00000000a0000000, 0x00000000a4380000, 0x00000000e0000000)
  object space 69120K, 44% used [0x00000000a0000000,0x00000000a1e52980,0x00000000a4380000)
 Metaspace       used 73365K, capacity 75998K, committed 76248K, reserved 1116160K
  class space    used 9647K, capacity 10234K, committed 10240K, reserved 1048576K
Event: 2969.482 GC heap after
Heap after GC invocations=14 (full 3):
 PSYoungGen      total 314368K, used 22506K [0x00000000e0000000, 0x00000000fb080000, 0x0000000100000000)
  eden space 291840K, 0% used [0x00000000e0000000,0x00000000e0000000,0x00000000f1d00000)
  from space 22528K, 99% used [0x00000000f1d00000,0x00000000f32fa9c0,0x00000000f3300000)
  to   space 27136K, 0% used [0x00000000f9600000,0x00000000f9600000,0x00000000fb080000)
 ParOldGen       total 69120K, used 34295K [0x00000000a0000000, 0x00000000a4380000, 0x00000000e0000000)
  object space 69120K, 49% used [0x00000000a0000000,0x00000000a217df08,0x00000000a4380000)
 Metaspace       used 73365K, capacity 75998K, committed 76248K, reserved 1116160K
  class space    used 9647K, capacity 10234K, committed 10240K, reserved 1048576K
}
Event: 7516.881 GC heap before
{Heap before GC invocations=15 (full 3):
 PSYoungGen      total 314368K, used 314346K [0x00000000e0000000, 0x00000000fb080000, 0x0000000100000000)
  eden space 291840K, 100% used [0x00000000e0000000,0x00000000f1d00000,0x00000000f1d00000)
  from space 22528K, 99% used [0x00000000f1d00000,0x00000000f32fa9c0,0x00000000f3300000)
  to   space 27136K, 0% used [0x00000000f9600000,0x00000000f9600000,0x00000000fb080000)
 ParOldGen       total 69120K, used 34295K [0x00000000a0000000, 0x00000000a4380000, 0x00000000e0000000)
  object space 69120K, 49% used [0x00000000a0000000,0x00000000a217df08,0x00000000a4380000)
 Metaspace       used 78685K, capacity 82358K, committed 82520K, reserved 1120256K
  class space    used 10131K, capacity 10878K, committed 10880K, reserved 1048576K

